<?xml version="1.0" encoding="UTF-8"?>
<testng-results skipped="0" failed="0" ignored="0" total="1" passed="1">
  <reporter-output>
  </reporter-output>
  <suite name="Default suite" duration-ms="422" started-at="2020-10-10T18:29:31Z" finished-at="2020-10-10T18:29:31Z">
    <groups>
      <group name="cucumber">
        <method signature="AbstractTestNGCucumberTests.feature(cucumber.api.testng.CucumberFeatureWrapper)[pri:0, instance:runnerTest.runner@69ea3742]" name="feature" class="cucumber.api.testng.AbstractTestNGCucumberTests"/>
      </group> <!-- cucumber -->
    </groups>
    <test name="Default test" duration-ms="422" started-at="2020-10-10T18:29:31Z" finished-at="2020-10-10T18:29:31Z">
      <class name="runnerTest.runner">
        <test-method status="PASS" signature="setUpClass()[pri:0, instance:runnerTest.runner@69ea3742]" name="setUpClass" is-config="true" duration-ms="201" started-at="2020-10-10T18:29:31Z" finished-at="2020-10-10T18:29:31Z">
          <reporter-output>
          </reporter-output>
        </test-method> <!-- setUpClass -->
        <test-method status="PASS" signature="feature(cucumber.api.testng.CucumberFeatureWrapper)[pri:0, instance:runnerTest.runner@69ea3742]" name="feature" duration-ms="108" started-at="2020-10-10T18:29:31Z" description="Runs Cucumber Feature" data-provider="features" finished-at="2020-10-10T18:29:31Z">
          <params>
            <param index="0">
              <value>
                <![CDATA[Bank Application Under Test]]>
              </value>
            </param>
          </params>
          <reporter-output>
          </reporter-output>
        </test-method> <!-- feature -->
        <test-method status="PASS" signature="tearDownClass()[pri:0, instance:runnerTest.runner@69ea3742]" name="tearDownClass" is-config="true" duration-ms="23" started-at="2020-10-10T18:29:31Z" finished-at="2020-10-10T18:29:31Z">
          <reporter-output>
          </reporter-output>
        </test-method> <!-- tearDownClass -->
      </class> <!-- runnerTest.runner -->
    </test> <!-- Default test -->
  </suite> <!-- Default suite -->
</testng-results>
